This is pdfTeX, Version 3.1415926-2.6-1.40.14 (TeX Live 2014/dev) (format=pdfetex 2014.4.11)  11 APR 2014 21:03
entering extended mode
 restricted \write18 enabled.
 file:line:error style messages enabled.
 %&-line parsing enabled.
**\catcode126=12 \def\normaltilde{~}\catcode126=13 \let~\normaltilde  \input /h
ome/MIMA/projects/GnuDOS/web/gnudos_BKUP/prime.t2d/pdf/xtr/prime.texi
(/home/MIMA/projects/GnuDOS/web/gnudos_BKUP/prime.t2d/pdf/xtr/prime.texi
(/usr/share/texlive/texmf-local/texmf-compat/tex/texinfo/texinfo.tex
Loading texinfo [version 2013-02-01.11]:
\bindingoffset=\dimen16
\normaloffset=\dimen17
\pagewidth=\dimen18
\pageheight=\dimen19
\outerhsize=\dimen20
\outervsize=\dimen21
\cornerlong=\dimen22
\cornerthick=\dimen23
\topandbottommargin=\dimen24
\headlinebox=\box16
\footlinebox=\box17
\margin=\insert252
\EMsimple=\toks13
\groupbox=\box18
\groupinvalidhelp=\toks14
\mil=\dimen25
\exdentamount=\skip18
\inmarginspacing=\skip19
\centerpenalty=\count27
 pdf,
\tempnum=\count28
\lnkcount=\count29
\filename=\toks15
\filenamelength=\count30
\pgn=\count31
\toksA=\toks16
\toksB=\toks17
\toksC=\toks18
\toksD=\toks19
\boxA=\box19
\countA=\count32
\nopdfimagehelp=\toks20
 fonts,
\sffam=\fam8
\textleading=\dimen26
 markup,
\fontdepth=\count33
 glyphs,
\errorbox=\box20

page headings,
\titlepagetopglue=\skip20
\titlepagebottomglue=\skip21
\evenheadline=\toks21
\oddheadline=\toks22
\evenfootline=\toks23
\oddfootline=\toks24
 tables,
\tableindent=\dimen27
\itemindent=\dimen28
\itemmargin=\dimen29
\itemmax=\dimen30
\itemno=\count34
\multitableparskip=\skip22
\multitableparindent=\skip23
\multitablecolspace=\dimen31
\multitablelinespace=\skip24
\colcount=\count35
\everytab=\toks25
 conditionals,
\doignorecount=\count36
 indexing,
\whatsitskip=\skip25
\whatsitpenalty=\count37
\secondaryindent=\skip26
\partialpage=\box21
\doublecolumnhsize=\dimen32
 sectioning,
\unnumberedno=\count38
\chapno=\count39
\secno=\count40
\subsecno=\count41
\subsubsecno=\count42
\appendixno=\count43
\absseclevel=\count44
\secbase=\count45
\chapheadingskip=\skip27
\secheadingskip=\skip28
\subsecheadingskip=\skip29
 toc,
\tocfile=\write0
\contentsrightmargin=\skip30
\savepageno=\count46
\lastnegativepageno=\count47
\tocindent=\dimen33
 environments,
\lispnarrowing=\skip31
\envskipamount=\skip32
\circthick=\dimen34
\cartouter=\dimen35
\cartinner=\dimen36
\normbskip=\skip33
\normpskip=\skip34
\normlskip=\skip35
\lskip=\skip36
\rskip=\skip37
\nonfillparindent=\dimen37
\tabw=\dimen38
\verbbox=\box22

defuns,
\defbodyindent=\skip38
\defargsindent=\skip39
\deflastargmargin=\skip40
\defunpenalty=\count48
\parencount=\count49
\brackcount=\count50
 macros,
\paramno=\count51
\macname=\toks26
 cross references,
\auxfile=\write1
\savesfregister=\count52
\toprefbox=\box23
\printedrefnamebox=\box24
\infofilenamebox=\box25
\printedmanualbox=\box26
 insertions,
\footnoteno=\count53
\SAVEfootins=\box27
\SAVEmargin=\box28

(/usr/share/texlive/texmf-dist/tex/generic/epsf/epsf.tex
This is `epsf.tex' v2.7.4 <14 February 2011>
\epsffilein=\read1
\epsfframemargin=\dimen39
\epsfframethickness=\dimen40
\epsfrsize=\dimen41
\epsftmp=\dimen42
\epsftsize=\dimen43
\epsfxsize=\dimen44
\epsfysize=\dimen45
\pspoints=\dimen46
)
\noepsfhelp=\toks27
 localization,
\nolanghelp=\toks28
\countUTFx=\count54
\countUTFy=\count55
\countUTFz=\count56
 formatting,
\defaultparindent=\dimen47
 and turning on texinfo input format.) (./prime.aux)
\openout1 = `prime.aux'.

@cpindfile=@write2
@fnindfile=@write3
@vrindfile=@write4
@tpindfile=@write5
@kyindfile=@write6
@pgindfile=@write7
[1
\openout2 = `prime.cp'.

\openout3 = `prime.fn'.

\openout4 = `prime.vr'.

\openout5 = `prime.tp'.

\openout6 = `prime.ky'.

\openout7 = `prime.pg'.

{/usr/share/texlive/texmf-dist/fonts/map/pdftex/updmap/pdftex.map}] [2]
(./prime.toc) [-1] (./prime.toc) (./prime.toc) Chapter 1
\openout0 = `prime.toc'.

Missing character: There is no Ÿ in font cmr10!
Missing character: There is no ê in font cmr10!
Missing character: There is no Ÿ in font cmr10!
Missing character: There is no ê in font cmr10!
Missing character: There is no Ÿ in font cmr10!
Missing character: There is no ê in font cmr10!

Overfull \hbox (169.03183pt too wide) in paragraph at lines 108--147
[]@textrm =====================================================================


@hbox(4.01727+0.0)x433.62
.@hbox(0.0+0.0)x15.0
.@textrm =
.@textrm =
.@textrm =
.@textrm =
.etc.


Underfull \hbox (badness 10000) in paragraph at lines 108--147


@hbox(0.0+0.0)x433.62
.@penalty -10000
.@glue(@rightskip) 0.0


Overfull \hbox (154.03183pt too wide) in paragraph at lines 108--147
[]@textrm =====================================================================


@hbox(4.01727+0.0)x433.62
.@hbox(0.0+0.0)x0.0
.@textrm =
.@textrm =
.@textrm =
.@textrm =
.etc.


Underfull \hbox (badness 10000) in paragraph at lines 108--147


@hbox(0.0+0.0)x433.62
.@penalty -10000
.@glue(@rightskip) 0.0


Overfull \hbox (154.03183pt too wide) in paragraph at lines 108--147
[]@textrm =====================================================================


@hbox(4.01727+0.0)x433.62
.@hbox(0.0+0.0)x0.0
.@textrm =
.@textrm =
.@textrm =
.@textrm =
.etc.


Underfull \hbox (badness 10000) in paragraph at lines 108--147


@hbox(0.0+0.0)x433.62
.@penalty -10000
.@glue(@rightskip) 0.0

[1] [2] Chapter 2 [3] Chapter 3 [4] Chapter 4 [5] Appendix A [6]
texinfo.tex: doing @include of fdl.texi

 (./fdl.texi
[7] [8] [9] [10] [11] [12]) (Index) [13] (./prime.cps) [14] ) 
Here is how much of TeX's memory you used:
 1920 strings out of 497120
 23443 string characters out of 6207102
 71064 words of memory out of 5000000
 2998 multiletter control sequences out of 15000+600000
 32127 words of font info for 112 fonts, out of 8000000 for 9000
 51 hyphenation exceptions out of 8191
 14i,6n,16p,416b,570s stack positions out of 5000i,500n,10000p,200000b,80000s
</usr/share/texliv
e/texmf-dist/fonts/type1/public/amsfonts/cm/cmbx12.pfb></usr/share/texlive/texm
f-dist/fonts/type1/public/amsfonts/cm/cmcsc10.pfb></usr/share/texlive/texmf-dis
t/fonts/type1/public/amsfonts/cm/cmmi10.pfb></usr/share/texlive/texmf-dist/font
s/type1/public/amsfonts/cm/cmmi12.pfb></usr/share/texlive/texmf-dist/fonts/type
1/public/amsfonts/cm/cmmi9.pfb></usr/share/texlive/texmf-dist/fonts/type1/publi
c/amsfonts/cm/cmr10.pfb></usr/share/texlive/texmf-dist/fonts/type1/public/amsfo
nts/cm/cmr9.pfb></usr/share/texlive/texmf-dist/fonts/type1/public/amsfonts/cm/c
msl10.pfb></usr/share/texlive/texmf-dist/fonts/type1/public/amsfonts/cm/cmsltt1
0.pfb></usr/share/texlive/texmf-dist/fonts/type1/public/amsfonts/cm/cmsy10.pfb>
</usr/share/texlive/texmf-dist/fonts/type1/public/amsfonts/cm/cmtt10.pfb></usr/
share/texlive/texmf-dist/fonts/type1/public/amsfonts/cm/cmtt12.pfb></usr/share/
texlive/texmf-dist/fonts/type1/public/amsfonts/cm/cmtt9.pfb>
Output written on prime.pdf (17 pages, 185580 bytes).
PDF statistics:
 210 PDF objects out of 1000 (max. 8388607)
 173 compressed objects within 2 object streams
 21 named destinations out of 1000 (max. 500000)
 69 words of extra memory for PDF output out of 10000 (max. 10000000)

